生成启动时间为 2019-10-16 14:54:33。
     1>项目“D:\编程之路\DataStruct\2019.10.16\2019.10.16\2019.10.16.vcxproj”在节点 2 上(build 个目标)。
     1>InitializeBuildStatus:
         正在创建“Debug\2019.10.16.unsuccessfulbuild”，因为已指定“AlwaysCreate”。
       ClCompile:
         D:\wode\VS6.0\VC\bin\CL.exe /c /ZI /nologo /W3 /WX- /Od /Oy- /D _MBCS /Gm /EHsc /RTC1 /MDd /GS /fp:precise /Zc:wchar_t /Zc:forScope /Fo"Debug\\" /Fd"Debug\vc100.pdb" /Gd /TC /analyze- /errorReport:prompt TestMain.c seqlist.c
         seqlist.c
     1>d:\编程之路\datastruct\2019.10.16\2019.10.16\seqlist.c(65): warning C4018: “<”: 有符号/无符号不匹配
     1>d:\编程之路\datastruct\2019.10.16\2019.10.16\seqlist.c(80): warning C4018: “<”: 有符号/无符号不匹配
     1>d:\编程之路\datastruct\2019.10.16\2019.10.16\seqlist.c(97): warning C4018: “<”: 有符号/无符号不匹配
     1>d:\编程之路\datastruct\2019.10.16\2019.10.16\seqlist.c(113): warning C4018: “>”: 有符号/无符号不匹配
     1>d:\编程之路\datastruct\2019.10.16\2019.10.16\seqlist.c(144): warning C4018: “<”: 有符号/无符号不匹配
         TestMain.c
         正在生成代码...
       Link:
         D:\wode\VS6.0\VC\bin\link.exe /ERRORREPORT:PROMPT /OUT:"D:\编程之路\DataStruct\2019.10.16\Debug\2019.10.16.exe" /NOLOGO kernel32.lib user32.lib gdi32.lib winspool.lib comdlg32.lib advapi32.lib shell32.lib ole32.lib oleaut32.lib uuid.lib odbc32.lib odbccp32.lib /MANIFEST /ManifestFile:"Debug\2019.10.16.exe.intermediate.manifest" /MANIFESTUAC:"level='asInvoker' uiAccess='false'" /DEBUG /PDB:"D:\编程之路\DataStruct\2019.10.16\Debug\2019.10.16.pdb" /TLBID:1 /DYNAMICBASE /NXCOMPAT /IMPLIB:"D:\编程之路\DataStruct\2019.10.16\Debug\2019.10.16.lib" /MACHINE:X86 Debug\seqlist.obj
         Debug\TestMain.obj
         LINK : 没有找到 D:\编程之路\DataStruct\2019.10.16\Debug\2019.10.16.exe 或上一个增量链接没有生成它；正在执行完全链接
         2019.10.16.vcxproj -> D:\编程之路\DataStruct\2019.10.16\Debug\2019.10.16.exe
       Manifest:
         c:\Program Files (x86)\Microsoft SDKs\Windows\v7.0A\bin\mt.exe /nologo /verbose /outputresource:"D:\编程之路\DataStruct\2019.10.16\Debug\2019.10.16.exe;#1" /manifest Debug\2019.10.16.exe.intermediate.manifest
       FinalizeBuildStatus:
         正在删除文件“Debug\2019.10.16.unsuccessfulbuild”。
         正在对“Debug\2019.10.16.lastbuildstate”执行 Touch 任务。
     1>已完成生成项目“D:\编程之路\DataStruct\2019.10.16\2019.10.16\2019.10.16.vcxproj”(build 个目标)的操作。

生成成功。

已用时间 00:00:02.16
