生成启动时间为 2019-11-16 11:55:24。
     1>项目“D:\编程之路\DataStruct\2019.11.14\2019.11.14\2019.11.14.vcxproj”在节点 2 上(build 个目标)。
     1>InitializeBuildStatus:
         正在创建“Debug\2019.11.14.unsuccessfulbuild”，因为已指定“AlwaysCreate”。
       ClCompile:
         D:\wode\VS6.0\VC\bin\CL.exe /c /ZI /nologo /W3 /WX- /Od /Oy- /D _MBCS /Gm /EHsc /RTC1 /MDd /GS /fp:precise /Zc:wchar_t /Zc:forScope /Fo"Debug\\" /Fd"Debug\vc100.pdb" /Gd /TC /analyze- /errorReport:prompt insertsort.c
         insertsort.c
     1>d:\编程之路\datastruct\2019.11.14\2019.11.14\insertsort.c(261): warning C4244: “函数”: 从“time_t”转换到“unsigned int”，可能丢失数据
       Link:
         D:\wode\VS6.0\VC\bin\link.exe /ERRORREPORT:PROMPT /OUT:"D:\编程之路\DataStruct\2019.11.14\Debug\2019.11.14.exe" /NOLOGO kernel32.lib user32.lib gdi32.lib winspool.lib comdlg32.lib advapi32.lib shell32.lib ole32.lib oleaut32.lib uuid.lib odbc32.lib odbccp32.lib /MANIFEST /ManifestFile:"Debug\2019.11.14.exe.intermediate.manifest" /MANIFESTUAC:"level='asInvoker' uiAccess='false'" /DEBUG /PDB:"D:\编程之路\DataStruct\2019.11.14\Debug\2019.11.14.pdb" /SUBSYSTEM:CONSOLE /TLBID:1 /DYNAMICBASE /NXCOMPAT /IMPLIB:"D:\编程之路\DataStruct\2019.11.14\Debug\2019.11.14.lib" /MACHINE:X86 Debug\insertsort.obj
         Debug\TestMain.obj
         LINK : 没有找到 D:\编程之路\DataStruct\2019.11.14\Debug\2019.11.14.exe 或上一个增量链接没有生成它；正在执行完全链接
         2019.11.14.vcxproj -> D:\编程之路\DataStruct\2019.11.14\Debug\2019.11.14.exe
       Manifest:
         c:\Program Files (x86)\Microsoft SDKs\Windows\v7.0A\bin\mt.exe /nologo /verbose /outputresource:"D:\编程之路\DataStruct\2019.11.14\Debug\2019.11.14.exe;#1" /manifest Debug\2019.11.14.exe.intermediate.manifest
       FinalizeBuildStatus:
         正在删除文件“Debug\2019.11.14.unsuccessfulbuild”。
         正在对“Debug\2019.11.14.lastbuildstate”执行 Touch 任务。
     1>已完成生成项目“D:\编程之路\DataStruct\2019.11.14\2019.11.14\2019.11.14.vcxproj”(build 个目标)的操作。

生成成功。

已用时间 00:00:02.01
